<?xml version="1.0" encoding="UTF-8"?>
<!-- Generated by org.testng.reporters.JUnitReportReporter -->
<testsuite hostname="PRANAYC" failures="0" tests="1" name="post_tc_1" time="0.399" errors="0" timestamp="2023-05-29T14:14:09 IST" skipped="0">
  <testcase classname="post_tc_1" name="setup" time="0.399"/>
  <system-out/>
</testsuite> <!-- post_tc_1 -->
