<?xml version="1.0" encoding="UTF-8"?>
<!-- Generated by org.testng.reporters.JUnitReportReporter -->
<testsuite hostname="PRANAYC" failures="0" tests="1" name="Location_Test_Package.Location_Test_Class" time="6.372" errors="0" timestamp="2023-06-02T09:24:17 IST" skipped="0">
  <testcase classname="Location_Test_Package.Location_Test_Class" name="execute" time="6.372"/>
  <system-out/>
</testsuite> <!-- Location_Test_Package.Location_Test_Class -->
