<?xml version="1.0" encoding="UTF-8"?>
<!-- Generated by org.testng.reporters.JUnitReportReporter -->
<testsuite hostname="PRANAYC" failures="0" tests="1" name="testClassPackage.post_tc_1" time="4.144" errors="0" timestamp="2023-05-28T18:21:40 IST" skipped="0">
  <testcase classname="testClassPackage.post_tc_1" name="post_request" time="4.144"/>
  <system-out/>
</testsuite> <!-- testClassPackage.post_tc_1 -->
